2025-04-20 00:34:01,107 [INFO] Activator:176 - 


2025-04-20 00:34:01,112 [INFO] Activator:177 - !SESSION log4j initialized
2025-04-20 00:34:05,290 [ERROR] LogOutputStream:75 - [STDERR_REDIRECT] 
2025-04-20 00:34:06,370 [INFO] LogOutputStream:77 - [STDOUT_REDIRECT] 
2025-04-20 00:34:09,027 [INFO] LogOutputStream:77 - [STDOUT_REDIRECT] 
2025-04-20 00:34:10,394 [INFO] ApplicationProperties:184 - Using Application install path: /Applications/STM32CubeIDE.app/Contents/Eclipse/plugins/com.st.stm32cube.common.mx_6.13.0.202411220809
2025-04-20 00:34:10,406 [INFO] DbMcusXml:78 - Set database path to: /Applications/STM32CubeIDE.app/Contents/Eclipse/plugins/com.st.stm32cube.common.mx_6.13.0.202411220809//db//mcu/
2025-04-20 00:34:10,406 [INFO] ApiDb:274 - Set plugin database path to: /Applications/STM32CubeIDE.app/Contents/Eclipse/plugins/com.st.stm32cube.common.mx_6.13.0.202411220809//db//plugins/boardmanager/
2025-04-20 00:34:10,407 [WARN] ApiDb:259 - Overriding images path with different value:  => /Applications/STM32CubeIDE.app/Contents/Eclipse/plugins/com.st.stm32cube.common.mx_6.13.0.202411220809//db//plugins/mcufinder/images/
2025-04-20 00:34:10,416 [INFO] ApiDb:250 - Set database path to: /Users/sandeep/.stmcufinder/plugins/mcufinder//mcu/
2025-04-20 00:34:10,416 [INFO] DbMcusAds:125 - Set database path to: /Users/sandeep/.stmcufinder/plugins/mcufinder//mcu/
2025-04-20 00:34:10,417 [INFO] CrossReferenceDbSqlite:203 - Set database path to: /Users/sandeep/.stmcufinder/plugins/mcufinder//mcu/cs/
2025-04-20 00:34:10,617 [INFO] RulesReader:64 - Compatibility file has been processed (297 Rules)
2025-04-20 00:34:10,696 [INFO] DbMcusXml:78 - Set database path to: /Applications/STM32CubeIDE.app/Contents/Eclipse/plugins/com.st.stm32cube.common.mx_6.13.0.202411220809//db//mcu/
2025-04-20 00:34:10,696 [INFO] ApiDb:274 - Set plugin database path to: /Applications/STM32CubeIDE.app/Contents/Eclipse/plugins/com.st.stm32cube.common.mx_6.13.0.202411220809//db//plugins/boardmanager/
2025-04-20 00:34:10,696 [INFO] ApiDb:261 - Set plugin images path to: /Applications/STM32CubeIDE.app/Contents/Eclipse/plugins/com.st.stm32cube.common.mx_6.13.0.202411220809//db//plugins/mcufinder/images/
2025-04-20 00:34:10,697 [WARN] DbFile:41 - Overriding database path with different value: /Users/sandeep/.stmcufinder/plugins/mcufinder/ => /Users/sandeep/.stmcufinder/plugins/mcufinder
2025-04-20 00:34:10,697 [INFO] ApiDb:250 - Set database path to: /Users/sandeep/.stmcufinder/plugins/mcufinder//mcu/
2025-04-20 00:34:10,697 [WARN] DbFile:41 - Overriding database path with different value: /Users/sandeep/.stmcufinder/plugins/mcufinder/ => /Users/sandeep/.stmcufinder/plugins/mcufinder
2025-04-20 00:34:10,697 [INFO] DbMcusAds:125 - Set database path to: /Users/sandeep/.stmcufinder/plugins/mcufinder//mcu/
2025-04-20 00:34:10,697 [WARN] DbFile:41 - Overriding database path with different value: /Users/sandeep/.stmcufinder/plugins/mcufinder/ => /Users/sandeep/.stmcufinder/plugins/mcufinder
2025-04-20 00:34:10,697 [WARN] DbFile:41 - Overriding database path with different value: /Users/sandeep/.stmcufinder/plugins/mcufinder/ => /Users/sandeep/.stmcufinder/plugins/mcufinder
2025-04-20 00:34:10,697 [INFO] CrossReferenceDbSqlite:203 - Set database path to: /Users/sandeep/.stmcufinder/plugins/mcufinder//mcu/cs/
2025-04-20 00:34:10,758 [INFO] MainPanel:272 - HeapMemory: 301989888
2025-04-20 00:34:11,487 [INFO] DbMcusXml:78 - Set database path to: /Applications/STM32CubeIDE.app/Contents/Eclipse/plugins/com.st.stm32cube.common.mx_6.13.0.202411220809//db//mcu/
2025-04-20 00:34:11,489 [INFO] ApiDb:274 - Set plugin database path to: /Applications/STM32CubeIDE.app/Contents/Eclipse/plugins/com.st.stm32cube.common.mx_6.13.0.202411220809//db//plugins/boardmanager/
2025-04-20 00:34:11,494 [INFO] ApiDb:261 - Set plugin images path to: /Applications/STM32CubeIDE.app/Contents/Eclipse/plugins/com.st.stm32cube.common.mx_6.13.0.202411220809//db//plugins/mcufinder/images/
2025-04-20 00:34:11,495 [WARN] DbFile:41 - Overriding database path with different value: /Users/sandeep/.stmcufinder/plugins/mcufinder/ => /Users/sandeep/.stmcufinder/plugins/mcufinder
2025-04-20 00:34:11,495 [INFO] ApiDb:250 - Set database path to: /Users/sandeep/.stmcufinder/plugins/mcufinder//mcu/
2025-04-20 00:34:11,495 [WARN] DbFile:41 - Overriding database path with different value: /Users/sandeep/.stmcufinder/plugins/mcufinder/ => /Users/sandeep/.stmcufinder/plugins/mcufinder
2025-04-20 00:34:11,495 [INFO] DbMcusAds:125 - Set database path to: /Users/sandeep/.stmcufinder/plugins/mcufinder//mcu/
2025-04-20 00:34:11,495 [WARN] DbFile:41 - Overriding database path with different value: /Users/sandeep/.stmcufinder/plugins/mcufinder/ => /Users/sandeep/.stmcufinder/plugins/mcufinder
2025-04-20 00:34:11,495 [WARN] DbFile:41 - Overriding database path with different value: /Users/sandeep/.stmcufinder/plugins/mcufinder/ => /Users/sandeep/.stmcufinder/plugins/mcufinder
2025-04-20 00:34:11,495 [INFO] CrossReferenceDbSqlite:203 - Set database path to: /Users/sandeep/.stmcufinder/plugins/mcufinder//mcu/cs/
2025-04-20 00:34:11,535 [INFO] ApplicationProperties:184 - Using Application install path: /Applications/STM32CubeIDE.app/Contents/Eclipse/plugins/com.st.stm32cube.common.mx_6.13.0.202411220809
2025-04-20 00:34:11,536 [INFO] PluginManage:196 - Search for loadable plugins [exclusion list=, ]
2025-04-20 00:34:11,539 [INFO] PluginManage:310 - Check plugin analytics
2025-04-20 00:34:11,795 [INFO] AnalyticsPlugin:253 - Accepted Software Licenses: 
2025-04-20 00:34:11,795 [INFO] AnalyticsPlugin:255 - Accepted CMSIS Pack Licenses: 
2025-04-20 00:34:11,795 [INFO] AnalyticsPlugin:257 - Accepted Firmware Licenses: FW.F4.1.28.0,FW.WB.1.21.0
2025-04-20 00:34:11,807 [INFO] PluginManage:359 - Loaded plugin analytics (category:tool,tabindex:-1)
2025-04-20 00:34:11,813 [INFO] PluginManage:310 - Check plugin cadmodel
2025-04-20 00:34:11,838 [INFO] CADModel:105 - Init CAD model plugin
2025-04-20 00:34:11,838 [INFO] PluginManage:359 - Loaded plugin cadmodel (category:power,tabindex:5)
2025-04-20 00:34:11,840 [INFO] PluginManage:310 - Check plugin clock
2025-04-20 00:34:11,851 [INFO] PluginManage:359 - Loaded plugin clock (category:base,tabindex:2)
2025-04-20 00:34:11,851 [INFO] PluginManage:310 - Check plugin ddr
2025-04-20 00:34:11,853 [INFO] PluginManage:359 - Loaded plugin ddr (category:tool,tabindex:6)
2025-04-20 00:34:11,853 [INFO] PluginManage:310 - Check plugin filemanager
2025-04-20 00:34:12,007 [INFO] PluginManage:359 - Loaded plugin filemanager (category:base,tabindex:10)
2025-04-20 00:34:12,007 [INFO] PluginManage:310 - Check plugin ipmanager
2025-04-20 00:34:12,016 [INFO] PluginManage:359 - Loaded plugin ipmanager (category:base,tabindex:5)
2025-04-20 00:34:12,016 [INFO] PluginManage:310 - Check plugin lpbam
2025-04-20 00:34:12,023 [INFO] PluginManage:359 - Loaded plugin lpbam (category:base,tabindex:0)
2025-04-20 00:34:12,023 [INFO] PluginManage:310 - Check plugin memorymap
2025-04-20 00:34:12,032 [INFO] PluginManage:359 - Loaded plugin memorymap (category:base,tabindex:4)
2025-04-20 00:34:12,032 [INFO] PluginManage:310 - Check plugin pinoutandconfiguration
2025-04-20 00:34:12,037 [INFO] PluginManage:359 - Loaded plugin pinoutandconfiguration (category:base,tabindex:1)
2025-04-20 00:34:12,037 [INFO] PluginManage:310 - Check plugin pinoutconfig
2025-04-20 00:34:12,111 [WARN] SupportedApi:132 - Cannot load RTOS API schema: s4s-elt-must-match.1: The content of 'definitions' must match (annotation?, (simpleType | complexType)?, (unique | key | keyref)*)). A problem was found starting at: attribute.
2025-04-20 00:34:12,261 [INFO] PluginManage:359 - Loaded plugin pinoutconfig (category:base,tabindex:0)
2025-04-20 00:34:12,262 [INFO] PluginManage:310 - Check plugin power
2025-04-20 00:34:12,279 [INFO] PluginManage:359 - Loaded plugin power (category:power,tabindex:4)
2025-04-20 00:34:12,279 [INFO] PluginManage:310 - Check plugin projectmanager
2025-04-20 00:34:12,324 [INFO] PluginManage:359 - Loaded plugin projectmanager (category:projectmanager,tabindex:4)
2025-04-20 00:34:12,325 [INFO] PluginManage:310 - Check plugin rif
2025-04-20 00:34:12,331 [INFO] PluginManage:359 - Loaded plugin rif (category:base,tabindex:3)
2025-04-20 00:34:12,331 [INFO] PluginManage:310 - Check plugin thirdparty
2025-04-20 00:34:12,541 [INFO] PluginManage:359 - Loaded plugin thirdparty (category:base,tabindex:-1)
2025-04-20 00:34:12,542 [INFO] PluginManage:310 - Check plugin tools
2025-04-20 00:34:12,542 [WARN] IntegrityCheckThread:84 - waiting for thirdparty lock release [integrity check]
2025-04-20 00:34:12,543 [INFO] IntegrityCheckThread:86 - entering critical section [integrity check]
2025-04-20 00:34:12,543 [INFO] ThirdPartyUpdaterWithRetryManager:70 - Updater plugin not ready yet. [1/15]
2025-04-20 00:34:12,548 [INFO] PluginManage:359 - Loaded plugin tools (category:base,tabindex:7)
2025-04-20 00:34:12,548 [INFO] PluginManage:310 - Check plugin tutovideos
2025-04-20 00:34:12,754 [INFO] PluginManage:359 - Loaded plugin tutovideos (category:base,tabindex:-1)
2025-04-20 00:34:12,754 [INFO] PluginManage:310 - Check plugin updater
2025-04-20 00:34:12,782 [INFO] PluginManage:359 - Loaded plugin updater (category:base,tabindex:12)
2025-04-20 00:34:12,782 [INFO] PluginManage:310 - Check plugin userauth
2025-04-20 00:34:12,786 [INFO] UserAuth:118 - Init User Auth plugin
2025-04-20 00:34:12,787 [INFO] PluginManage:359 - Loaded plugin userauth (category:base,tabindex:14)
2025-04-20 00:34:12,787 [INFO] PluginManage:283 - PluginManage : Loaded plugins [18]
2025-04-20 00:34:12,985 [INFO] PinOutPanel:1589 - setPackage(No Configuration,No Configuration)
2025-04-20 00:34:13,057 [INFO] CADModel:165 - CPN selected for project level
2025-04-20 00:34:13,057 [INFO] CADModel:114 - Register for checkConnection events
2025-04-20 00:34:13,073 [INFO] IPUIPlugin:80 - create IPUIPlugin
2025-04-20 00:34:13,074 [INFO] PluginManager:220 - loadIPPluginJar : add mdma
2025-04-20 00:34:13,078 [INFO] IPUIPlugin:80 - create IPUIPlugin
2025-04-20 00:34:13,079 [INFO] PluginManager:220 - loadIPPluginJar : add freertos
2025-04-20 00:34:13,081 [INFO] IPUIPlugin:80 - create IPUIPlugin
2025-04-20 00:34:13,082 [INFO] PluginManager:220 - loadIPPluginJar : add gic
2025-04-20 00:34:13,088 [INFO] IPUIPlugin:80 - create IPUIPlugin
2025-04-20 00:34:13,088 [INFO] PluginManager:220 - loadIPPluginJar : add adc
2025-04-20 00:34:13,089 [INFO] IPUIPlugin:80 - create IPUIPlugin
2025-04-20 00:34:13,089 [INFO] PluginManager:220 - loadIPPluginJar : add gtzc
2025-04-20 00:34:13,090 [INFO] IPUIPlugin:80 - create IPUIPlugin
2025-04-20 00:34:13,090 [INFO] PluginManager:220 - loadIPPluginJar : add quadspi
2025-04-20 00:34:13,092 [INFO] IPUIPlugin:80 - create IPUIPlugin
2025-04-20 00:34:13,092 [INFO] PluginManager:220 - loadIPPluginJar : add aes
2025-04-20 00:34:13,093 [INFO] IPUIPlugin:80 - create IPUIPlugin
2025-04-20 00:34:13,093 [INFO] PluginManager:220 - loadIPPluginJar : add pdm2pcm
2025-04-20 00:34:13,094 [INFO] IPUIPlugin:80 - create IPUIPlugin
2025-04-20 00:34:13,094 [INFO] PluginManager:220 - loadIPPluginJar : add hash
2025-04-20 00:34:13,095 [INFO] IPUIPlugin:80 - create IPUIPlugin
2025-04-20 00:34:13,095 [INFO] PluginManager:220 - loadIPPluginJar : add tim
2025-04-20 00:34:13,095 [INFO] IPUIPlugin:80 - create IPUIPlugin
2025-04-20 00:34:13,095 [INFO] PluginManager:220 - loadIPPluginJar : add tsc
2025-04-20 00:34:13,096 [INFO] IPUIPlugin:80 - create IPUIPlugin
2025-04-20 00:34:13,096 [INFO] PluginManager:220 - loadIPPluginJar : add extmemmanager
2025-04-20 00:34:13,098 [INFO] IPUIPlugin:80 - create IPUIPlugin
2025-04-20 00:34:13,098 [INFO] PluginManager:220 - loadIPPluginJar : add ts
2025-04-20 00:34:13,098 [INFO] IPUIPlugin:80 - create IPUIPlugin
2025-04-20 00:34:13,099 [INFO] PluginManager:220 - loadIPPluginJar : add radio
2025-04-20 00:34:13,100 [INFO] IPUIPlugin:80 - create IPUIPlugin
2025-04-20 00:34:13,100 [INFO] PluginManager:220 - loadIPPluginJar : add can
2025-04-20 00:34:13,100 [INFO] IPUIPlugin:80 - create IPUIPlugin
2025-04-20 00:34:13,101 [INFO] PluginManager:220 - loadIPPluginJar : add dma3
2025-04-20 00:34:13,102 [INFO] IPUIPlugin:80 - create IPUIPlugin
2025-04-20 00:34:13,102 [INFO] PluginManager:220 - loadIPPluginJar : add dfsdm
2025-04-20 00:34:13,103 [INFO] IPUIPlugin:80 - create IPUIPlugin
2025-04-20 00:34:13,103 [INFO] PluginManager:220 - loadIPPluginJar : add spi
2025-04-20 00:34:13,104 [INFO] IPUIPlugin:80 - create IPUIPlugin
2025-04-20 00:34:13,104 [INFO] PluginManager:220 - loadIPPluginJar : add gfxmmu
2025-04-20 00:34:13,105 [INFO] IPUIPlugin:80 - create IPUIPlugin
2025-04-20 00:34:13,105 [INFO] PluginManager:220 - loadIPPluginJar : add genericplugin
2025-04-20 00:34:13,106 [INFO] IPUIPlugin:80 - create IPUIPlugin
2025-04-20 00:34:13,106 [INFO] PluginManager:220 - loadIPPluginJar : add cryp
2025-04-20 00:34:13,108 [INFO] IPUIPlugin:80 - create IPUIPlugin
2025-04-20 00:34:13,108 [INFO] PluginManager:220 - loadIPPluginJar : add gpio
2025-04-20 00:34:13,110 [INFO] IPUIPlugin:80 - create IPUIPlugin
2025-04-20 00:34:13,110 [INFO] PluginManager:220 - loadIPPluginJar : add ddr_ctrl_phy
2025-04-20 00:34:13,111 [INFO] IPUIPlugin:80 - create IPUIPlugin
2025-04-20 00:34:13,112 [INFO] PluginManager:220 - loadIPPluginJar : add comp
2025-04-20 00:34:13,114 [INFO] IPUIPlugin:80 - create IPUIPlugin
2025-04-20 00:34:13,115 [INFO] PluginManager:220 - loadIPPluginJar : add tracer_emb
2025-04-20 00:34:13,118 [INFO] IPUIPlugin:80 - create IPUIPlugin
2025-04-20 00:34:13,118 [INFO] PluginManager:220 - loadIPPluginJar : add openamp
2025-04-20 00:34:13,120 [INFO] IPUIPlugin:80 - create IPUIPlugin
2025-04-20 00:34:13,121 [INFO] PluginManager:220 - loadIPPluginJar : add stm32_wpan
2025-04-20 00:34:13,123 [INFO] IPUIPlugin:80 - create IPUIPlugin
2025-04-20 00:34:13,124 [INFO] PluginManager:220 - loadIPPluginJar : add plateformsettings
2025-04-20 00:34:13,126 [INFO] IPUIPlugin:80 - create IPUIPlugin
2025-04-20 00:34:13,126 [INFO] PluginManager:220 - loadIPPluginJar : add ipddr
2025-04-20 00:34:13,127 [INFO] IPUIPlugin:80 - create IPUIPlugin
2025-04-20 00:34:13,127 [INFO] PluginManager:220 - loadIPPluginJar : add usart
2025-04-20 00:34:13,128 [INFO] IPUIPlugin:80 - create IPUIPlugin
2025-04-20 00:34:13,128 [INFO] PluginManager:220 - loadIPPluginJar : add ltdc
2025-04-20 00:34:13,129 [INFO] IPUIPlugin:80 - create IPUIPlugin
2025-04-20 00:34:13,129 [INFO] PluginManager:220 - loadIPPluginJar : add nvic
2025-04-20 00:34:13,130 [INFO] IPUIPlugin:80 - create IPUIPlugin
2025-04-20 00:34:13,130 [INFO] PluginManager:220 - loadIPPluginJar : add fatfs
2025-04-20 00:34:13,133 [INFO] IPUIPlugin:80 - create IPUIPlugin
2025-04-20 00:34:13,134 [INFO] PluginManager:220 - loadIPPluginJar : add linkedlist
2025-04-20 00:34:13,137 [INFO] IPUIPlugin:80 - create IPUIPlugin
2025-04-20 00:34:13,137 [INFO] PluginManager:220 - loadIPPluginJar : add dma
2025-04-20 00:34:13,138 [INFO] IPUIPlugin:80 - create IPUIPlugin
2025-04-20 00:34:13,138 [INFO] PluginManager:220 - loadIPPluginJar : add fmc
2025-04-20 00:34:13,139 [INFO] IPUIPlugin:80 - create IPUIPlugin
2025-04-20 00:34:13,139 [INFO] PluginManager:220 - loadIPPluginJar : add i2s
2025-04-20 00:34:13,140 [INFO] IPUIPlugin:80 - create IPUIPlugin
2025-04-20 00:34:13,140 [INFO] PluginManager:220 - loadIPPluginJar : add ucpd
2025-04-20 00:34:13,141 [INFO] IPUIPlugin:80 - create IPUIPlugin
2025-04-20 00:34:13,141 [INFO] PluginManager:220 - loadIPPluginJar : add lorawan
2025-04-20 00:34:13,143 [INFO] IPUIPlugin:80 - create IPUIPlugin
2025-04-20 00:34:13,143 [INFO] PluginManager:220 - loadIPPluginJar : add opamp
2025-04-20 00:34:13,144 [INFO] IPUIPlugin:80 - create IPUIPlugin
2025-04-20 00:34:13,144 [INFO] PluginManager:220 - loadIPPluginJar : add i3c
2025-04-20 00:34:13,146 [INFO] IPUIPlugin:80 - create IPUIPlugin
2025-04-20 00:34:13,149 [INFO] PluginManager:220 - loadIPPluginJar : add touchsensing
2025-04-20 00:34:13,150 [INFO] IPUIPlugin:80 - create IPUIPlugin
2025-04-20 00:34:13,150 [INFO] PluginManager:220 - loadIPPluginJar : add i2c
2025-04-20 00:34:13,152 [INFO] IPUIPlugin:80 - create IPUIPlugin
2025-04-20 00:34:13,152 [INFO] PluginManager:220 - loadIPPluginJar : add resmgrutility
2025-04-20 00:34:13,153 [INFO] IPUIPlugin:80 - create IPUIPlugin
2025-04-20 00:34:13,153 [INFO] PluginManager:220 - loadIPPluginJar : add sai
2025-04-20 00:34:13,154 [INFO] IPUIPlugin:80 - create IPUIPlugin
2025-04-20 00:34:13,155 [INFO] PluginManager:220 - loadIPPluginJar : add usbx
2025-04-20 00:34:13,266 [FATAL] Updater:351 - Updater called before beeing initialized
2025-04-20 00:34:13,316 [INFO] RulesReader:64 - Compatibility file has been processed (297 Rules)
2025-04-20 00:34:13,327 [INFO] RulesReader:64 - Compatibility file has been processed (297 Rules)
2025-04-20 00:34:13,338 [INFO] CADModel:165 - CPN selected for project level
2025-04-20 00:34:13,338 [INFO] CADModel:114 - Register for checkConnection events
2025-04-20 00:34:13,338 [FATAL] Updater:351 - Updater called before beeing initialized
2025-04-20 00:34:13,338 [ERROR] CADModel:125 - Updater not yet initialized, retry later 
2025-04-20 00:34:13,832 [FATAL] Updater:351 - Updater called before beeing initialized
2025-04-20 00:34:13,843 [INFO] CADModel:165 - CPN selected for project level
2025-04-20 00:34:13,845 [INFO] CADModel:114 - Register for checkConnection events
2025-04-20 00:34:13,845 [FATAL] Updater:351 - Updater called before beeing initialized
2025-04-20 00:34:13,845 [ERROR] CADModel:125 - Updater not yet initialized, retry later 
2025-04-20 00:34:13,852 [FATAL] Updater:351 - Updater called before beeing initialized
2025-04-20 00:34:14,105 [FATAL] Updater:351 - Updater called before beeing initialized
2025-04-20 00:34:14,116 [INFO] DbMcusAds:53 - JSON generation date=Thu Mar 06 20:24:22 IST 2025 (1741272862204)
2025-04-20 00:34:14,118 [FATAL] Updater:351 - Updater called before beeing initialized
2025-04-20 00:34:14,189 [WARN] DetailPanel:346 - Failed to get advertising image, set to default
2025-04-20 00:34:14,370 [FATAL] Updater:351 - Updater called before beeing initialized
2025-04-20 00:34:14,373 [FATAL] Updater:351 - Updater called before beeing initialized
2025-04-20 00:34:14,373 [FATAL] Updater:351 - Updater called before beeing initialized
2025-04-20 00:34:14,374 [WARN] DetailPanel:346 - Failed to get advertising image, set to default
2025-04-20 00:34:14,375 [FATAL] Updater:351 - Updater called before beeing initialized
2025-04-20 00:34:14,460 [ERROR] Updater:1198 - MainUpdater not yet initialized. External WinMGr cannot be set.
2025-04-20 00:34:14,474 [INFO] Updater:1134 - Updater Version found : 6.13.0
2025-04-20 00:34:14,489 [INFO] ApplicationProperties:184 - Using Application install path: /Applications/STM32CubeIDE.app/Contents/Eclipse/plugins/com.st.stm32cube.common.mx_6.13.0.202411220809
2025-04-20 00:34:14,892 [INFO] MainUpdater:2872 - connection check result : 10
2025-04-20 00:34:14,894 [INFO] MainUpdater:289 - Updater Check For Update Now.
2025-04-20 00:34:14,894 [INFO] MicroXplorer:498 - Change Database Version : DB.6.0.130
2025-04-20 00:34:14,900 [INFO] McuFinderGlobals:63 - Set McuFinder mode to 2 (CubeIDE integrated)
2025-04-20 00:34:14,903 [INFO] UserAuth:486 - Internet connection configuration mode: 1
2025-04-20 00:34:14,917 [INFO] JxBrowserEngine:152 - Initiate JxBrowser Engine with user profile folder
2025-04-20 00:34:15,232 [INFO] CheckServerUpdateThread:120 - End of CheckServer Thread
2025-04-20 00:34:15,773 [WARN] PackLoader:240 - Cannot read IP mode file for STMicroelectronics.FP-SNS-MOTENVWB1.1.4.0
2025-04-20 00:34:15,798 [WARN] PackLoader:240 - Cannot read IP mode file for STMicroelectronics.FP-ATR-ASTRA1.2.0.2
2025-04-20 00:34:15,816 [WARN] PackLoader:240 - Cannot read IP mode file for STMicroelectronics.FP-ATR-ASTRA1.2.0.1
2025-04-20 00:34:15,828 [WARN] PackLoader:240 - Cannot read IP mode file for STMicroelectronics.X-CUBE-SMBUS.2.1.0
2025-04-20 00:34:15,840 [WARN] PackLoader:240 - Cannot read IP mode file for STMicroelectronics.X-CUBE-WB05N.1.1.0
2025-04-20 00:34:15,846 [WARN] PackLoader:240 - Cannot read IP mode file for STMicroelectronics.X-CUBE-TOUCHGFX.4.23.1
2025-04-20 00:34:15,847 [WARN] PackLoader:240 - Cannot read IP mode file for STMicroelectronics.X-CUBE-TOUCHGFX.4.23.2
2025-04-20 00:34:15,905 [WARN] PackLoader:240 - Cannot read IP mode file for STMicroelectronics.X-CUBE-AZRTOS-F7.1.1.0
2025-04-20 00:34:16,046 [WARN] PackLoader:240 - Cannot read IP mode file for STMicroelectronics.X-CUBE-MEMS1.11.0.0
2025-04-20 00:34:16,247 [WARN] PackLoader:240 - Cannot read IP mode file for STMicroelectronics.FP-SNS-FLIGHT1.5.0.2
2025-04-20 00:34:16,307 [WARN] PackLoader:240 - Cannot read IP mode file for Infineon.AIROC-Wi-Fi-Bluetooth-STM32.1.7.0
2025-04-20 00:34:16,329 [WARN] PackLoader:240 - Cannot read IP mode file for STMicroelectronics.X-CUBE-DISPLAY.3.0.0
2025-04-20 00:34:16,346 [WARN] PackLoader:240 - Cannot read IP mode file for STMicroelectronics.X-CUBE-BLE1.7.0.0
2025-04-20 00:34:16,367 [WARN] PackLoader:240 - Cannot read IP mode file for STMicroelectronics.X-CUBE-NFC10.1.0.0
2025-04-20 00:34:16,397 [WARN] PackLoader:240 - Cannot read IP mode file for STMicroelectronics.X-CUBE-BLEMGR.4.0.0
2025-04-20 00:34:16,411 [WARN] PackLoader:240 - Cannot read IP mode file for emotas.I-CUBE-CANOPEN.1.3.0
2025-04-20 00:34:16,425 [WARN] PackLoader:240 - Cannot read IP mode file for STMicroelectronics.X-CUBE-BLEMGR.3.1.0
2025-04-20 00:34:16,433 [WARN] PackLoader:240 - Cannot read IP mode file for STMicroelectronics.X-CUBE-AI.10.0.0
2025-04-20 00:34:16,437 [WARN] PackLoader:240 - Cannot read IP mode file for STMicroelectronics.FP-SNS-SMARTAG2.1.2.0
2025-04-20 00:34:16,440 [WARN] PackLoader:240 - Cannot read IP mode file for STMicroelectronics.FP-SNS-FLIGHT1.5.1.0
2025-04-20 00:34:16,509 [WARN] PackLoader:240 - Cannot read IP mode file for STMicroelectronics.X-CUBE-MEMS1.11.1.0
2025-04-20 00:34:16,625 [INFO] LogOutputStream:77 - [STDOUT_REDIRECT] 1 : Invalid condition id : UX_CORESTACK_Condition cause : null
2025-04-20 00:34:16,627 [INFO] LogOutputStream:77 - [STDOUT_REDIRECT] 1 : Invalid condition id : UX_CORESTACK_Condition cause : null
2025-04-20 00:34:16,628 [INFO] LogOutputStream:77 - [STDOUT_REDIRECT] 1 : Invalid condition id : UX_CORESTACK_Condition cause : null
2025-04-20 00:34:16,628 [INFO] LogOutputStream:77 - [STDOUT_REDIRECT] 1 : Invalid condition id : UX_CORESTACK_Condition cause : null
2025-04-20 00:34:16,629 [INFO] LogOutputStream:77 - [STDOUT_REDIRECT] 1 : Invalid condition id : UX_CORESTACK_Condition cause : null
2025-04-20 00:34:16,634 [WARN] PackLoader:240 - Cannot read IP mode file for STMicroelectronics.X-CUBE-AZRTOS-WL.2.0.0
2025-04-20 00:34:16,642 [WARN] PackLoader:240 - Cannot read IP mode file for STMicroelectronics.FP-SNS-MOTENV1.5.0.0
2025-04-20 00:34:16,652 [WARN] PackLoader:240 - Cannot read IP mode file for wolfSSL.I-CUBE-wolfMQTT.1.19.0
2025-04-20 00:34:16,659 [WARN] PackLoader:240 - Cannot read IP mode file for WES.I-CUBE-Cesium.1.3.0
2025-04-20 00:34:16,664 [WARN] PackLoader:240 - Cannot read IP mode file for STMicroelectronics.X-CUBE-BLE2.3.3.0
2025-04-20 00:34:16,670 [WARN] PackLoader:240 - Cannot read IP mode file for STMicroelectronics.X-CUBE-NFC9.1.0.0
2025-04-20 00:34:16,676 [WARN] PackLoader:240 - Cannot read IP mode file for STMicroelectronics.X-CUBE-BLE1.7.1.0
2025-04-20 00:34:16,681 [WARN] PackLoader:240 - Cannot read IP mode file for STMicroelectronics.X-CUBE-TCPP.4.1.0
2025-04-20 00:34:16,686 [WARN] PackLoader:240 - Cannot read IP mode file for STMicroelectronics.X-CUBE-ALGOBUILD.1.3.0
2025-04-20 00:34:16,884 [WARN] PackLoader:240 - Cannot read IP mode file for STMicroelectronics.X-CUBE-MEMS1.11.2.0
2025-04-20 00:34:17,131 [WARN] PackLoader:240 - Cannot read IP mode file for STMicroelectronics.X-CUBE-AZRTOS-G0.1.1.0
2025-04-20 00:34:17,169 [WARN] PackLoader:240 - Cannot read IP mode file for STMicroelectronics.X-CUBE-SAFEA1.1.2.2
2025-04-20 00:34:17,176 [WARN] PackLoader:240 - Cannot read IP mode file for STMicroelectronics.X-CUBE-NFC4.3.0.0
2025-04-20 00:34:17,211 [WARN] PackLoader:240 - Cannot read IP mode file for EmbeddedOffice.I-CUBE-FS-RTOS.1.0.1
2025-04-20 00:34:17,224 [WARN] PackLoader:240 - Cannot read IP mode file for STMicroelectronics.X-CUBE-TCPP.4.2.0
2025-04-20 00:34:17,234 [WARN] PackLoader:240 - Cannot read IP mode file for RealThread.X-CUBE-RT-Thread_Nano.4.1.1
2025-04-20 00:34:17,238 [WARN] PackLoader:240 - Cannot read IP mode file for wolfSSL.I-CUBE-wolfSSL.5.7.0
2025-04-20 00:34:17,244 [WARN] PackLoader:240 - Cannot read IP mode file for STMicroelectronics.FP-ATR-SIGFOX1.3.2.0
2025-04-20 00:34:17,248 [WARN] ConditionMgr:438 - getConditionDescription Invalid condition id : Cortex-A Device cause : null
2025-04-20 00:34:17,321 [WARN] ConditionMgr:1044 - genDependencies : Invalid condition id : Cortex-A Device cause : null
2025-04-20 00:34:17,323 [WARN] ConditionMgr:1044 - genDependencies : Invalid condition id : Cortex-A Device cause : null
2025-04-20 00:34:17,323 [WARN] ConditionMgr:1044 - genDependencies : Invalid condition id : Cortex-A Device cause : null
2025-04-20 00:34:17,328 [WARN] PackLoader:240 - Cannot read IP mode file for STMicroelectronics.X-CUBE-EEPRMA1.5.1.0
2025-04-20 00:34:17,332 [WARN] PackLoader:240 - Cannot read IP mode file for wolfSSL.I-CUBE-wolfSSL.5.7.4
2025-04-20 00:34:17,337 [WARN] PackLoader:240 - Cannot read IP mode file for ITTIA_DB.I-CUBE-ITTIADB.8.9.0
2025-04-20 00:34:17,387 [WARN] PackLoader:240 - Cannot read IP mode file for SEGGER.I-CUBE-embOS.1.3.1
2025-04-20 00:34:17,419 [WARN] PackLoader:240 - Cannot read IP mode file for STMicroelectronics.X-CUBE-ALGOBUILD.1.4.0
2025-04-20 00:34:17,426 [WARN] PackLoader:240 - Cannot read IP mode file for STMicroelectronics.X-CUBE-AI.9.1.0
2025-04-20 00:34:17,431 [WARN] PackLoader:240 - Cannot read IP mode file for STMicroelectronics.X-CUBE-GNSS1.6.0.0
2025-04-20 00:34:17,456 [WARN] PackLoader:240 - Cannot read IP mode file for STMicroelectronics.X-CUBE-AZRTOS-F4.1.1.0
2025-04-20 00:34:17,464 [WARN] PackLoader:240 - Cannot read IP mode file for Avnet-IotConnect.X-CUBE-IoTC-DA16k-PMOD.1.0.0
2025-04-20 00:34:17,470 [WARN] PackLoader:240 - Cannot read IP mode file for STMicroelectronics.X-CUBE-ISPU.2.1.0
2025-04-20 00:34:17,478 [WARN] PackLoader:240 - Cannot read IP mode file for STMicroelectronics.X-CUBE-FREERTOS.1.2.0
2025-04-20 00:34:17,513 [WARN] PackLoader:240 - Cannot read IP mode file for STMicroelectronics.X-CUBE-AZRTOS-L5.2.0.0
2025-04-20 00:34:17,532 [WARN] PackLoader:240 - Cannot read IP mode file for STMicroelectronics.X-CUBE-NFC6.3.1.0
2025-04-20 00:34:17,541 [WARN] PackLoader:240 - Cannot read IP mode file for STMicroelectronics.X-CUBE-DPower.1.2.0
2025-04-20 00:34:17,546 [WARN] PackLoader:240 - Cannot read IP mode file for STMicroelectronics.X-CUBE-AI.9.0.0
2025-04-20 00:34:17,550 [WARN] PackLoader:240 - Cannot read IP mode file for STMicroelectronics.X-CUBE-FREERTOS.1.3.0
2025-04-20 00:34:17,555 [WARN] PackLoader:240 - Cannot read IP mode file for STMicroelectronics.X-CUBE-NFC7.1.0.1
2025-04-20 00:34:17,558 [WARN] PackLoader:240 - Cannot read IP mode file for wolfSSL.I-CUBE-wolfTPM.3.2.0
2025-04-20 00:34:17,562 [WARN] PackLoader:240 - Cannot read IP mode file for STMicroelectronics.X-CUBE-DPower.1.3.0
2025-04-20 00:34:17,566 [WARN] PackLoader:240 - Cannot read IP mode file for STMicroelectronics.X-CUBE-AI.8.1.0
2025-04-20 00:34:17,583 [WARN] ConditionMgr:438 - getConditionDescription Invalid condition id : LAN8742 Phy interface Condition cause : null
2025-04-20 00:34:17,585 [WARN] PackLoader:240 - Cannot read IP mode file for STMicroelectronics.X-CUBE-AZRTOS-L4.2.0.0
2025-04-20 00:34:17,587 [WARN] ConditionMgr:1044 - genDependencies : Invalid condition id : LAN8742 Phy interface Condition cause : null
2025-04-20 00:34:17,588 [WARN] ConditionMgr:1044 - genDependencies : Invalid condition id : LAN8742 Phy interface Condition cause : null
2025-04-20 00:34:17,589 [WARN] ConditionMgr:1044 - genDependencies : Invalid condition id : LAN8742 Phy interface Condition cause : null
2025-04-20 00:34:17,598 [WARN] PackLoader:240 - Cannot read IP mode file for STMicroelectronics.X-CUBE-SFXS2LP1.4.0.0
2025-04-20 00:34:17,632 [WARN] PackLoader:240 - Cannot read IP mode file for STMicroelectronics.X-CUBE-AZRTOS-H7.3.3.0
2025-04-20 00:34:17,647 [WARN] PackLoader:240 - Cannot read IP mode file for STMicroelectronics.X-CUBE-IPS.3.0.0
2025-04-20 00:34:17,662 [WARN] ConditionMgr:438 - getConditionDescription Invalid condition id : UX DEVICE CLASS RTOS Condition cause : null
2025-04-20 00:34:17,662 [WARN] ConditionMgr:438 - getConditionDescription Invalid condition id : UX DEVICE CLASS RTOS Condition cause : null
2025-04-20 00:34:17,666 [WARN] PackLoader:240 - Cannot read IP mode file for STMicroelectronics.X-CUBE-AZRTOS-WB.2.0.0
2025-04-20 00:34:17,667 [WARN] ConditionMgr:1044 - genDependencies : Invalid condition id : UX DEVICE CLASS RTOS Condition cause : null
2025-04-20 00:34:17,667 [WARN] ConditionMgr:1044 - genDependencies : Invalid condition id : UX DEVICE CLASS RTOS Condition cause : null
2025-04-20 00:34:17,668 [WARN] ConditionMgr:1044 - genDependencies : Invalid condition id : UX DEVICE CLASS RTOS Condition cause : null
2025-04-20 00:34:17,668 [WARN] ConditionMgr:1044 - genDependencies : Invalid condition id : UX DEVICE CLASS RTOS Condition cause : null
2025-04-20 00:34:17,668 [WARN] ConditionMgr:1044 - genDependencies : Invalid condition id : UX DEVICE CLASS RTOS Condition cause : null
2025-04-20 00:34:17,675 [WARN] PackLoader:240 - Cannot read IP mode file for STMicroelectronics.X-CUBE-GNSS1.7.0.0
2025-04-20 00:34:17,681 [WARN] PackLoader:240 - Cannot read IP mode file for STMicroelectronics.X-CUBE-GNSS1.7.0.1
2025-04-20 00:34:17,691 [WARN] PackLoader:240 - Cannot read IP mode file for STMicroelectronics.X-CUBE-TOUCHGFX.4.25.0
2025-04-20 00:34:17,696 [WARN] PackLoader:240 - Cannot read IP mode file for STMicroelectronics.FP-SNS-STBOX1.2.0.0
2025-04-20 00:34:17,710 [WARN] PackLoader:240 - Cannot read IP mode file for STMicroelectronics.X-CUBE-SUBG2.5.0.0
2025-04-20 00:34:17,739 [WARN] PackLoader:240 - Cannot read IP mode file for STMicroelectronics.X-CUBE-AZRTOS-H7RS.1.1.0
2025-04-20 00:34:17,750 [WARN] PackLoader:240 - Cannot read IP mode file for Cesanta.I-CUBE-Mongoose.7.13.0
2025-04-20 00:34:17,776 [WARN] PackLoader:240 - Cannot read IP mode file for STMicroelectronics.X-CUBE-AZRTOS-G4.2.0.0
2025-04-20 00:34:17,793 [WARN] PackLoader:240 - Cannot read IP mode file for Infineon.AIROC-Wi-Fi-Bluetooth-STM32.1.5.1
2025-04-20 00:34:17,800 [WARN] PackLoader:240 - Cannot read IP mode file for STMicroelectronics.FP-SNS-MOTENVWB1.1.3.1
2025-04-20 00:34:17,808 [WARN] PackLoader:240 - Cannot read IP mode file for STMicroelectronics.X-CUBE-ISPU.2.0.0
2025-04-20 00:34:17,820 [WARN] PackLoader:240 - Cannot read IP mode file for STMicroelectronics.X-CUBE-IPS.3.1.0
2025-04-20 00:34:17,834 [WARN] PackLoader:240 - Cannot read IP mode file for STMicroelectronics.X-CUBE-ALS.1.0.2
2025-04-20 00:34:17,882 [WARN] PackLoader:240 - Cannot read IP mode file for STMicroelectronics.X-CUBE-MEMS1.10.0.0
2025-04-20 00:34:17,972 [WARN] PackLoader:240 - Cannot read IP mode file for STMicroelectronics.X-CUBE-FREERTOS.1.1.0
2025-04-20 00:34:17,976 [WARN] PackLoader:240 - Cannot read IP mode file for STMicroelectronics.X-CUBE-TOUCHGFX.4.24.0
2025-04-20 00:34:17,978 [WARN] PackLoader:240 - Cannot read IP mode file for STMicroelectronics.X-CUBE-TOUCHGFX.4.24.2
2025-04-20 00:34:17,980 [WARN] PackLoader:240 - Cannot read IP mode file for STMicroelectronics.X-CUBE-TOUCHGFX.4.24.1
2025-04-20 00:34:17,982 [WARN] PackLoader:240 - Cannot read IP mode file for wolfSSL.I-CUBE-wolfTPM.3.4.0
2025-04-20 00:34:17,987 [WARN] PackLoader:240 - Cannot read IP mode file for portGmbH.I-Cube-SoM-uGOAL.1.1.0
2025-04-20 00:34:17,990 [WARN] PackLoader:240 - Cannot read IP mode file for STMicroelectronics.X-CUBE-ALS.1.0.1
2025-04-20 00:34:18,007 [WARN] PackLoader:240 - Cannot read IP mode file for STMicroelectronics.X-CUBE-AZRTOS-H7RS.1.0.0
2025-04-20 00:34:18,017 [WARN] PackLoader:240 - Cannot read IP mode file for STMicroelectronics.FP-ATR-ASTRA1.2.0.0
2025-04-20 00:34:18,028 [WARN] PackLoader:240 - Cannot read IP mode file for STMicroelectronics.X-CUBE-TOF1.3.4.2
2025-04-20 00:34:18,043 [WARN] PackLoader:240 - Cannot read IP mode file for STMicroelectronics.X-CUBE-TOF1.3.4.3
2025-04-20 00:34:18,058 [WARN] PackLoader:240 - Cannot read IP mode file for STMicroelectronics.X-CUBE-TOF1.3.4.1
2025-04-20 00:34:18,083 [WARN] PackLoader:240 - Cannot read IP mode file for STMicroelectronics.X-CUBE-AZRTOS-H7.3.2.0
2025-04-20 00:34:18,089 [WARN] PackLoader:240 - Cannot read IP mode file for wolfSSL.I-CUBE-wolfSSH.1.4.17
2025-04-20 00:34:18,090 [INFO] ThirdParty:978 - Integrity check success = true
2025-04-20 00:34:18,090 [INFO] IntegrityCheckThread:100 - exiting critical section [integrity check]
2025-04-20 00:34:18,090 [INFO] IntegrityCheckThread:103 - End integrity checks thread
2025-04-20 00:34:21,698 [INFO] WebApp:168 - Instantiating new browser for Auth
2025-04-20 00:34:23,456 [INFO] WebApp:449 - Apply proxy settings
2025-04-20 00:34:23,472 [INFO] WebApp:494 - Chromium authenticates against Manually configured proxy
2025-04-20 00:34:23,489 [INFO] WebApp:502 - Username used for proxy authentication: 
2025-04-20 00:34:23,552 [INFO] WebApp:880 - Register for checkConnection events
2025-04-20 00:34:23,553 [INFO] WebApp:449 - Apply proxy settings
2025-04-20 00:34:23,558 [INFO] WebApp:494 - Chromium authenticates against Manually configured proxy
2025-04-20 00:34:23,558 [INFO] WebApp:502 - Username used for proxy authentication: 
2025-04-20 00:34:23,718 [INFO] WebApp:221 - Starting web application
2025-04-20 00:34:23,718 [INFO] WebApp:579 - Web application path used /Applications/STM32CubeIDE.app/Contents/Eclipse/plugins/com.st.stm32cube.common.mx_6.13.0.202411220809/db/plugins/mcufinder/reactClient1/index.html
2025-04-20 00:34:24,285 [INFO] WebApp:187 - Connection restablished
2025-04-20 00:34:24,643 [INFO] UserAuth:486 - Internet connection configuration mode: 1
